[debug] [2023-11-29T07:11:27.251Z] ----------------------------------------------------------------------
[debug] [2023-11-29T07:11:27.254Z] Command:       C:\Program Files\nodejs\node.exe C:\Users\Clio\AppData\Roaming\npm\node_modules\firebase-tools\lib\bin\firebase.js init
[debug] [2023-11-29T07:11:27.254Z] CLI Version:   12.9.1
[debug] [2023-11-29T07:11:27.254Z] Platform:      win32
[debug] [2023-11-29T07:11:27.254Z] Node Version:  v19.9.0
[debug] [2023-11-29T07:11:27.254Z] Time:          Wed Nov 29 2023 10:11:27 GMT+0300 (Москва, стандартное время)
[debug] [2023-11-29T07:11:27.254Z] ----------------------------------------------------------------------
[debug] 
[debug] [2023-11-29T07:11:27.257Z] >>> [apiv2][query] GET https://firebase-public.firebaseio.com/cli.json [none]
[debug] [2023-11-29T07:11:27.296Z] > command requires scopes: ["email","openid","https://www.googleapis.com/auth/cloudplatformprojects.readonly","https://www.googleapis.com/auth/firebase","https://www.googleapis.com/auth/cloud-platform"]
[debug] [2023-11-29T07:11:27.296Z] > authorizing via signed-in user (nattalli.gf@gmail.com)
[info] 
     ######## #### ########  ######## ########     ###     ######  ########
     ##        ##  ##     ## ##       ##     ##  ##   ##  ##       ##
     ######    ##  ########  ######   ########  #########  ######  ######
     ##        ##  ##    ##  ##       ##     ## ##     ##       ## ##
     ##       #### ##     ## ######## ########  ##     ##  ######  ########

You're about to initialize a Firebase project in this directory:

  D:\Programming\Cryptocaps

[debug] [2023-11-29T07:11:27.778Z] <<< [apiv2][status] GET https://firebase-public.firebaseio.com/cli.json 200
[debug] [2023-11-29T07:11:27.778Z] <<< [apiv2][body] GET https://firebase-public.firebaseio.com/cli.json {"cloudBuildErrorAfter":1594252800000,"cloudBuildWarnAfter":1590019200000,"defaultNode10After":1594252800000,"minVersion":"3.0.5","node8DeploysDisabledAfter":1613390400000,"node8RuntimeDisabledAfter":1615809600000,"node8WarnAfter":1600128000000}
